2024-07-01 17:39:31,114 INFO o.h.v.i.u.Version [background-preinit] HV000001: Hibernate Validator 8.0.1.Final MDC:[]
2024-07-01 17:39:31,167 INFO o.s.b.StartupInfoLogger [main] Starting AddInsuranceProductITCase using Java 17.0.10 with PID 27948 (started by vitho in C:\Users\vitho\Desktop\dev\desafioseguros\project\configuration) MDC:[]
2024-07-01 17:39:31,169 INFO o.s.b.SpringApplication [main] No active profile set, falling back to 1 default profile: "default" MDC:[]
2024-07-01 17:39:32,330 INFO o.s.d.r.c.RepositoryConfigurationDelegate [main] Bootstrapping Spring Data JPA repositories in DEFAULT mode. MDC:[]
2024-07-01 17:39:32,465 INFO o.s.d.r.c.RepositoryConfigurationDelegate [main] Finished Spring Data repository scanning in 119 ms. Found 1 JPA repository interface. MDC:[]
2024-07-01 17:39:34,266 INFO o.h.j.i.u.LogHelper [main] HHH000204: Processing PersistenceUnitInfo [name: default] MDC:[]
2024-07-01 17:39:34,412 INFO o.h.Version [main] HHH000412: Hibernate ORM core version 6.4.4.Final MDC:[]
2024-07-01 17:39:34,470 INFO o.h.c.i.RegionFactoryInitiator [main] HHH000026: Second-level cache disabled MDC:[]
2024-07-01 17:39:34,896 INFO o.s.o.j.p.SpringPersistenceUnitInfo [main] No LoadTimeWeaver setup: ignoring JPA class transformer MDC:[]
2024-07-01 17:39:34,944 INFO c.z.h.HikariDataSource [main] HikariPool-1 - Starting... MDC:[]
2024-07-01 17:39:35,163 INFO c.z.h.p.HikariPool [main] HikariPool-1 - Added connection conn0: url=jdbc:h2:mem:testdb user=SA MDC:[]
2024-07-01 17:39:35,165 INFO c.z.h.HikariDataSource [main] HikariPool-1 - Start completed. MDC:[]
2024-07-01 17:39:35,197 WARN o.h.e.j.d.i.DialectFactoryImpl [main] HHH90000025: H2Dialect does not need to be specified explicitly using 'hibernate.dialect' (remove the property setting and it will be selected by default) MDC:[]
2024-07-01 17:39:36,202 INFO o.h.e.t.j.p.i.JtaPlatformInitiator [main] HHH000489: No JTA platform available (set 'hibernate.transaction.jta.platform' to enable JTA platform integration) MDC:[]
2024-07-01 17:39:36,288 INFO o.s.o.j.AbstractEntityManagerFactoryBean [main] Initialized JPA EntityManagerFactory for persistence unit 'default' MDC:[]
2024-07-01 17:39:37,442 WARN o.s.b.a.o.j.JpaBaseConfiguration$JpaWebConfiguration [main] spring.jpa.open-in-view is enabled by default. Therefore, database queries may be performed during view rendering. Explicitly configure spring.jpa.open-in-view to disable this warning MDC:[]
2024-07-01 17:39:38,560 INFO o.s.b.a.h.H2ConsoleAutoConfiguration [main] H2 console available at '/h2-ui'. Database available at 'jdbc:h2:mem:testdb' MDC:[]
2024-07-01 17:39:38,667 INFO o.s.m.w.MockServletContext [main] Initializing Spring TestDispatcherServlet '' MDC:[]
2024-07-01 17:39:38,668 INFO o.s.w.s.FrameworkServlet [main] Initializing Servlet '' MDC:[]
2024-07-01 17:39:38,685 INFO o.s.b.a.e.w.EndpointLinksResolver [main] Exposing 0 endpoint(s) beneath base path '/actuator' MDC:[]
2024-07-01 17:39:38,713 INFO o.s.w.s.FrameworkServlet [main] Completed initialization in 43 ms MDC:[]
2024-07-01 17:39:38,823 INFO o.s.b.StartupInfoLogger [main] Started AddInsuranceProductITCase in 8.357 seconds (process running for 10.196) MDC:[]
2024-07-01 17:39:39,792 INFO b.c.i.d.i.c.l.InsuranceProductControllerLogger [main] >> add() - [br.com.itau.desafioseguros.entrypoint.api.request.AddInsuranceProductRequest@4e8036bb, org.springframework.web.servlet.support.ServletUriComponentsBuilder@7c3b8b26] MDC:[context=InsuranceProductController.add]
2024-07-01 17:39:39,793 INFO b.c.i.d.i.c.l.AddInsuranceProductCommandHandlerLogger [main] >> handle() MDC:[context=InsuranceProductController.add]
2024-07-01 17:39:39,976 INFO b.c.i.d.i.c.l.AddInsuranceProductCommandHandlerLogger [main] << handle() - br.com.itau.desafioseguros.application.command.responses.AddInsuranceProductCommandResponse@524250ec MDC:[context=InsuranceProductController.add]
2024-07-01 17:39:39,979 INFO b.c.i.d.i.c.l.InsuranceProductControllerLogger [main] << add() - <201 CREATED Created,br.com.itau.desafioseguros.entrypoint.api.response.BaseResponse@4f9e32f2,[Location:"http://localhost/insurance/products/d8d6ba28-1e49-4b82-af7b-25bf0c81c0e7"]> MDC:[context=InsuranceProductController.add]
2024-07-01 17:39:40,085 INFO o.s.o.j.AbstractEntityManagerFactoryBean [SpringApplicationShutdownHook] Closing JPA EntityManagerFactory for persistence unit 'default' MDC:[]
2024-07-01 17:39:40,087 INFO c.z.h.HikariDataSource [SpringApplicationShutdownHook] HikariPool-1 - Shutdown initiated... MDC:[]
2024-07-01 17:39:40,091 INFO c.z.h.HikariDataSource [SpringApplicationShutdownHook] HikariPool-1 - Shutdown completed. MDC:[]
2024-07-01 17:42:44,215 INFO o.h.v.i.u.Version [background-preinit] HV000001: Hibernate Validator 8.0.1.Final MDC:[]
2024-07-01 17:42:44,365 INFO o.s.b.StartupInfoLogger [main] Starting AddInsuranceProductITCase using Java 17.0.10 with PID 15336 (started by vitho in C:\Users\vitho\Desktop\dev\desafioseguros\project\configuration) MDC:[]
2024-07-01 17:42:44,368 INFO o.s.b.SpringApplication [main] No active profile set, falling back to 1 default profile: "default" MDC:[]
2024-07-01 17:42:46,096 INFO o.s.d.r.c.RepositoryConfigurationDelegate [main] Bootstrapping Spring Data JPA repositories in DEFAULT mode. MDC:[]
2024-07-01 17:42:46,235 INFO o.s.d.r.c.RepositoryConfigurationDelegate [main] Finished Spring Data repository scanning in 110 ms. Found 1 JPA repository interface. MDC:[]
2024-07-01 17:42:48,111 INFO o.h.j.i.u.LogHelper [main] HHH000204: Processing PersistenceUnitInfo [name: default] MDC:[]
2024-07-01 17:42:48,228 INFO o.h.Version [main] HHH000412: Hibernate ORM core version 6.4.4.Final MDC:[]
2024-07-01 17:42:48,304 INFO o.h.c.i.RegionFactoryInitiator [main] HHH000026: Second-level cache disabled MDC:[]
2024-07-01 17:42:48,822 INFO o.s.o.j.p.SpringPersistenceUnitInfo [main] No LoadTimeWeaver setup: ignoring JPA class transformer MDC:[]
2024-07-01 17:42:48,898 INFO c.z.h.HikariDataSource [main] HikariPool-1 - Starting... MDC:[]
2024-07-01 17:42:49,332 INFO c.z.h.p.HikariPool [main] HikariPool-1 - Added connection conn0: url=jdbc:h2:mem:testdb user=SA MDC:[]
2024-07-01 17:42:49,337 INFO c.z.h.HikariDataSource [main] HikariPool-1 - Start completed. MDC:[]
2024-07-01 17:42:49,390 WARN o.h.e.j.d.i.DialectFactoryImpl [main] HHH90000025: H2Dialect does not need to be specified explicitly using 'hibernate.dialect' (remove the property setting and it will be selected by default) MDC:[]
2024-07-01 17:42:50,717 INFO o.h.e.t.j.p.i.JtaPlatformInitiator [main] HHH000489: No JTA platform available (set 'hibernate.transaction.jta.platform' to enable JTA platform integration) MDC:[]
2024-07-01 17:42:50,828 INFO o.s.o.j.AbstractEntityManagerFactoryBean [main] Initialized JPA EntityManagerFactory for persistence unit 'default' MDC:[]
2024-07-01 17:42:51,918 WARN o.s.b.a.o.j.JpaBaseConfiguration$JpaWebConfiguration [main] spring.jpa.open-in-view is enabled by default. Therefore, database queries may be performed during view rendering. Explicitly configure spring.jpa.open-in-view to disable this warning MDC:[]
2024-07-01 17:42:52,999 INFO o.s.b.a.h.H2ConsoleAutoConfiguration [main] H2 console available at '/h2-ui'. Database available at 'jdbc:h2:mem:testdb' MDC:[]
2024-07-01 17:42:53,085 INFO o.s.m.w.MockServletContext [main] Initializing Spring TestDispatcherServlet '' MDC:[]
2024-07-01 17:42:53,086 INFO o.s.w.s.FrameworkServlet [main] Initializing Servlet '' MDC:[]
2024-07-01 17:42:53,113 INFO o.s.b.a.e.w.EndpointLinksResolver [main] Exposing 0 endpoint(s) beneath base path '/actuator' MDC:[]
2024-07-01 17:42:53,140 INFO o.s.w.s.FrameworkServlet [main] Completed initialization in 53 ms MDC:[]
2024-07-01 17:42:53,242 INFO o.s.b.StartupInfoLogger [main] Started AddInsuranceProductITCase in 10.041 seconds (process running for 12.646) MDC:[]
2024-07-01 17:42:54,119 INFO b.c.i.d.i.c.l.InsuranceProductControllerLogger [main] >> add() - [br.com.itau.desafioseguros.entrypoint.api.request.AddInsuranceProductRequest@25ab4b84, org.springframework.web.servlet.support.ServletUriComponentsBuilder@3dda594f] MDC:[context=InsuranceProductController.add]
2024-07-01 17:42:54,119 INFO b.c.i.d.i.c.l.AddInsuranceProductCommandHandlerLogger [main] >> handle() MDC:[context=InsuranceProductController.add]
2024-07-01 17:42:54,312 INFO b.c.i.d.i.c.l.AddInsuranceProductCommandHandlerLogger [main] << handle() - br.com.itau.desafioseguros.application.command.responses.AddInsuranceProductCommandResponse@166c9fe2 MDC:[context=InsuranceProductController.add]
2024-07-01 17:42:54,315 INFO b.c.i.d.i.c.l.InsuranceProductControllerLogger [main] << add() - <201 CREATED Created,br.com.itau.desafioseguros.entrypoint.api.response.BaseResponse@3b839b10,[Location:"http://localhost/insurance/products/227d5ddd-81d1-4330-9696-4ee45da3d29a"]> MDC:[context=InsuranceProductController.add]
2024-07-01 17:42:54,477 INFO o.s.o.j.AbstractEntityManagerFactoryBean [SpringApplicationShutdownHook] Closing JPA EntityManagerFactory for persistence unit 'default' MDC:[]
2024-07-01 17:42:54,481 INFO c.z.h.HikariDataSource [SpringApplicationShutdownHook] HikariPool-1 - Shutdown initiated... MDC:[]
2024-07-01 17:42:54,898 INFO c.z.h.HikariDataSource [SpringApplicationShutdownHook] HikariPool-1 - Shutdown completed. MDC:[]
2024-07-01 17:43:52,911 INFO o.h.v.i.u.Version [background-preinit] HV000001: Hibernate Validator 8.0.1.Final MDC:[]
2024-07-01 17:43:53,061 INFO o.s.b.StartupInfoLogger [main] Starting AddInsuranceProductITCase using Java 17.0.10 with PID 12964 (started by vitho in C:\Users\vitho\Desktop\dev\desafioseguros\project\configuration) MDC:[]
2024-07-01 17:43:53,065 INFO o.s.b.SpringApplication [main] No active profile set, falling back to 1 default profile: "default" MDC:[]
2024-07-01 17:43:55,234 INFO o.s.d.r.c.RepositoryConfigurationDelegate [main] Bootstrapping Spring Data JPA repositories in DEFAULT mode. MDC:[]
2024-07-01 17:43:55,419 INFO o.s.d.r.c.RepositoryConfigurationDelegate [main] Finished Spring Data repository scanning in 152 ms. Found 1 JPA repository interface. MDC:[]
2024-07-01 17:43:57,856 INFO o.h.j.i.u.LogHelper [main] HHH000204: Processing PersistenceUnitInfo [name: default] MDC:[]
2024-07-01 17:43:57,995 INFO o.h.Version [main] HHH000412: Hibernate ORM core version 6.4.4.Final MDC:[]
2024-07-01 17:43:58,093 INFO o.h.c.i.RegionFactoryInitiator [main] HHH000026: Second-level cache disabled MDC:[]
2024-07-01 17:43:58,562 INFO o.s.o.j.p.SpringPersistenceUnitInfo [main] No LoadTimeWeaver setup: ignoring JPA class transformer MDC:[]
2024-07-01 17:43:58,609 INFO c.z.h.HikariDataSource [main] HikariPool-1 - Starting... MDC:[]
2024-07-01 17:43:59,190 INFO c.z.h.p.HikariPool [main] HikariPool-1 - Added connection conn0: url=jdbc:h2:mem:testdb user=SA MDC:[]
2024-07-01 17:43:59,194 INFO c.z.h.HikariDataSource [main] HikariPool-1 - Start completed. MDC:[]
2024-07-01 17:43:59,241 WARN o.h.e.j.d.i.DialectFactoryImpl [main] HHH90000025: H2Dialect does not need to be specified explicitly using 'hibernate.dialect' (remove the property setting and it will be selected by default) MDC:[]
2024-07-01 17:44:00,823 INFO o.h.e.t.j.p.i.JtaPlatformInitiator [main] HHH000489: No JTA platform available (set 'hibernate.transaction.jta.platform' to enable JTA platform integration) MDC:[]
2024-07-01 17:44:00,938 INFO o.s.o.j.AbstractEntityManagerFactoryBean [main] Initialized JPA EntityManagerFactory for persistence unit 'default' MDC:[]
2024-07-01 17:44:02,222 WARN o.s.b.a.o.j.JpaBaseConfiguration$JpaWebConfiguration [main] spring.jpa.open-in-view is enabled by default. Therefore, database queries may be performed during view rendering. Explicitly configure spring.jpa.open-in-view to disable this warning MDC:[]
2024-07-01 17:44:03,675 INFO o.s.b.a.h.H2ConsoleAutoConfiguration [main] H2 console available at '/h2-ui'. Database available at 'jdbc:h2:mem:testdb' MDC:[]
2024-07-01 17:44:03,820 INFO o.s.m.w.MockServletContext [main] Initializing Spring TestDispatcherServlet '' MDC:[]
2024-07-01 17:44:03,822 INFO o.s.w.s.FrameworkServlet [main] Initializing Servlet '' MDC:[]
2024-07-01 17:44:03,845 INFO o.s.b.a.e.w.EndpointLinksResolver [main] Exposing 0 endpoint(s) beneath base path '/actuator' MDC:[]
2024-07-01 17:44:03,877 INFO o.s.w.s.FrameworkServlet [main] Completed initialization in 51 ms MDC:[]
2024-07-01 17:44:03,981 INFO o.s.b.StartupInfoLogger [main] Started AddInsuranceProductITCase in 12.015 seconds (process running for 14.481) MDC:[]
2024-07-01 17:44:04,985 INFO b.c.i.d.i.c.l.InsuranceProductControllerLogger [main] >> add() - [br.com.itau.desafioseguros.entrypoint.api.request.AddInsuranceProductRequest@2f7b6f06, org.springframework.web.servlet.support.ServletUriComponentsBuilder@33d55c86] MDC:[context=InsuranceProductController.add]
2024-07-01 17:44:04,986 INFO b.c.i.d.i.c.l.AddInsuranceProductCommandHandlerLogger [main] >> handle() MDC:[context=InsuranceProductController.add]
2024-07-01 17:44:05,300 INFO b.c.i.d.i.c.l.AddInsuranceProductCommandHandlerLogger [main] << handle() - br.com.itau.desafioseguros.application.command.responses.AddInsuranceProductCommandResponse@4f60df4a MDC:[context=InsuranceProductController.add]
2024-07-01 17:44:05,304 INFO b.c.i.d.i.c.l.InsuranceProductControllerLogger [main] << add() - <201 CREATED Created,br.com.itau.desafioseguros.entrypoint.api.response.BaseResponse@3e978fa4,[Location:"http://localhost/insurance/products/52e2caad-9eb3-4a42-b429-e17997312414"]> MDC:[context=InsuranceProductController.add]
2024-07-01 17:44:05,478 INFO o.s.o.j.AbstractEntityManagerFactoryBean [SpringApplicationShutdownHook] Closing JPA EntityManagerFactory for persistence unit 'default' MDC:[]
2024-07-01 17:44:05,481 INFO c.z.h.HikariDataSource [SpringApplicationShutdownHook] HikariPool-1 - Shutdown initiated... MDC:[]
2024-07-01 17:44:05,912 INFO c.z.h.HikariDataSource [SpringApplicationShutdownHook] HikariPool-1 - Shutdown completed. MDC:[]
2024-07-01 17:48:39,187 INFO o.h.v.i.u.Version [background-preinit] HV000001: Hibernate Validator 8.0.1.Final MDC:[]
2024-07-01 17:48:39,346 INFO o.s.b.StartupInfoLogger [main] Starting AddInsuranceProductITCase using Java 17.0.10 with PID 22712 (started by vitho in C:\Users\vitho\Desktop\dev\desafioseguros\project\configuration) MDC:[]
2024-07-01 17:48:39,349 INFO o.s.b.SpringApplication [main] No active profile set, falling back to 1 default profile: "default" MDC:[]
2024-07-01 17:48:40,807 INFO o.s.d.r.c.RepositoryConfigurationDelegate [main] Bootstrapping Spring Data JPA repositories in DEFAULT mode. MDC:[]
2024-07-01 17:48:40,937 INFO o.s.d.r.c.RepositoryConfigurationDelegate [main] Finished Spring Data repository scanning in 108 ms. Found 1 JPA repository interface. MDC:[]
2024-07-01 17:48:43,244 INFO o.h.j.i.u.LogHelper [main] HHH000204: Processing PersistenceUnitInfo [name: default] MDC:[]
2024-07-01 17:48:43,396 INFO o.h.Version [main] HHH000412: Hibernate ORM core version 6.4.4.Final MDC:[]
2024-07-01 17:48:43,488 INFO o.h.c.i.RegionFactoryInitiator [main] HHH000026: Second-level cache disabled MDC:[]
2024-07-01 17:48:44,149 INFO o.s.o.j.p.SpringPersistenceUnitInfo [main] No LoadTimeWeaver setup: ignoring JPA class transformer MDC:[]
2024-07-01 17:48:44,223 INFO c.z.h.HikariDataSource [main] HikariPool-1 - Starting... MDC:[]
2024-07-01 17:48:44,803 INFO c.z.h.p.HikariPool [main] HikariPool-1 - Added connection conn0: url=jdbc:h2:mem:testdb user=SA MDC:[]
2024-07-01 17:48:44,807 INFO c.z.h.HikariDataSource [main] HikariPool-1 - Start completed. MDC:[]
2024-07-01 17:48:44,873 WARN o.h.e.j.d.i.DialectFactoryImpl [main] HHH90000025: H2Dialect does not need to be specified explicitly using 'hibernate.dialect' (remove the property setting and it will be selected by default) MDC:[]
2024-07-01 17:48:46,748 INFO o.h.e.t.j.p.i.JtaPlatformInitiator [main] HHH000489: No JTA platform available (set 'hibernate.transaction.jta.platform' to enable JTA platform integration) MDC:[]
2024-07-01 17:48:46,854 INFO o.s.o.j.AbstractEntityManagerFactoryBean [main] Initialized JPA EntityManagerFactory for persistence unit 'default' MDC:[]
2024-07-01 17:48:48,263 WARN o.s.b.a.o.j.JpaBaseConfiguration$JpaWebConfiguration [main] spring.jpa.open-in-view is enabled by default. Therefore, database queries may be performed during view rendering. Explicitly configure spring.jpa.open-in-view to disable this warning MDC:[]
2024-07-01 17:48:49,428 INFO o.s.b.a.h.H2ConsoleAutoConfiguration [main] H2 console available at '/h2-ui'. Database available at 'jdbc:h2:mem:testdb' MDC:[]
2024-07-01 17:48:49,553 INFO o.s.m.w.MockServletContext [main] Initializing Spring TestDispatcherServlet '' MDC:[]
2024-07-01 17:48:49,553 INFO o.s.w.s.FrameworkServlet [main] Initializing Servlet '' MDC:[]
2024-07-01 17:48:49,570 INFO o.s.b.a.e.w.EndpointLinksResolver [main] Exposing 0 endpoint(s) beneath base path '/actuator' MDC:[]
2024-07-01 17:48:49,602 INFO o.s.w.s.FrameworkServlet [main] Completed initialization in 46 ms MDC:[]
2024-07-01 17:48:49,711 INFO o.s.b.StartupInfoLogger [main] Started AddInsuranceProductITCase in 11.453 seconds (process running for 14.068) MDC:[]
2024-07-01 17:48:50,619 INFO b.c.i.d.i.c.l.InsuranceProductControllerLogger [main] >> add() - [br.com.itau.desafioseguros.entrypoint.api.request.AddInsuranceProductRequest@1f05158e, org.springframework.web.servlet.support.ServletUriComponentsBuilder@37b71300] MDC:[context=InsuranceProductController.add]
2024-07-01 17:48:50,620 INFO b.c.i.d.i.c.l.AddInsuranceProductCommandHandlerLogger [main] >> handle() MDC:[context=InsuranceProductController.add]
2024-07-01 17:48:50,822 INFO b.c.i.d.i.c.l.AddInsuranceProductCommandHandlerLogger [main] << handle() - br.com.itau.desafioseguros.application.command.responses.AddInsuranceProductCommandResponse@2b20e1ea MDC:[context=InsuranceProductController.add]
2024-07-01 17:48:50,827 INFO b.c.i.d.i.c.l.InsuranceProductControllerLogger [main] << add() - <201 CREATED Created,br.com.itau.desafioseguros.entrypoint.api.response.BaseResponse@5d1d8c96,[Location:"http://localhost/insurance/products/ba031e47-7a9c-450a-a772-8e81ae7fa812"]> MDC:[context=InsuranceProductController.add]
2024-07-01 17:48:50,998 INFO o.s.o.j.AbstractEntityManagerFactoryBean [SpringApplicationShutdownHook] Closing JPA EntityManagerFactory for persistence unit 'default' MDC:[]
2024-07-01 17:48:51,001 INFO c.z.h.HikariDataSource [SpringApplicationShutdownHook] HikariPool-1 - Shutdown initiated... MDC:[]
2024-07-01 17:48:51,431 INFO c.z.h.HikariDataSource [SpringApplicationShutdownHook] HikariPool-1 - Shutdown completed. MDC:[]
